  [1m[35m (5.6ms)[0m  [1m[35mCREATE TABLE "schema_migrations" ("version" varchar NOT NULL PRIMARY KEY) /*application='Gitrack'*/[0m
  [1m[35m (0.2ms)[0m  [1m[35mCREATE TABLE "ar_internal_metadata" ("key" varchar NOT NULL PRIMARY KEY, "value" varchar, "created_at" datetime(6) NOT NULL, "updated_at" datetime(6) NOT NULL) /*application='Gitrack'*/[0m
  [1m[36mActiveRecord::InternalMetadata Load (0.3ms)[0m  [1m[34mSELECT * FROM "ar_internal_metadata" WHERE "ar_internal_metadata"."key" = 'environment' ORDER BY "ar_internal_metadata"."key" ASC LIMIT 1 /*application='Gitrack'*/[0m
  [1m[36mActiveRecord::InternalMetadata Create (0.2ms)[0m  [1m[32mINSERT INTO "ar_internal_metadata" ("key", "value", "created_at", "updated_at") VALUES ('environment', 'development', '2025-11-30 01:31:45.175489', '2025-11-30 01:31:45.175493') RETURNING "key" /*application='Gitrack'*/[0m
  [1m[36mActiveRecord::SchemaMigration Load (0.1ms)[0m  [1m[34mSELECT "schema_migrations"."version" FROM "schema_migrations" ORDER BY "schema_migrations"."version" ASC /*application='Gitrack'*/[0m
Migrating to CreateFoodEntries (20251130013109)
  [1m[36mTRANSACTION (0.1ms)[0m  [1m[35mBEGIN immediate TRANSACTION /*application='Gitrack'*/[0m
  [1m[35m (1.5ms)[0m  [1m[35mCREATE TABLE "food_entries" ("id" integer PRIMARY KEY AUTOINCREMENT NOT NULL, "description" text, "consumed_at" datetime(6), "notes" text, "created_at" datetime(6) NOT NULL, "updated_at" datetime(6) NOT NULL) /*application='Gitrack'*/[0m
  [1m[36mActiveRecord::SchemaMigration Create (0.2ms)[0m  [1m[32mINSERT INTO "schema_migrations" ("version") VALUES ('20251130013109') RETURNING "version" /*application='Gitrack'*/[0m
  [1m[36mTRANSACTION (0.2ms)[0m  [1m[35mCOMMIT TRANSACTION /*application='Gitrack'*/[0m
  [1m[36mActiveRecord::SchemaMigration Load (0.1ms)[0m  [1m[34mSELECT "schema_migrations"."version" FROM "schema_migrations" ORDER BY "schema_migrations"."version" ASC /*application='Gitrack'*/[0m
Started GET "/" for 127.0.0.1 at 2025-11-29 20:34:19 -0500
  [1m[36mActiveRecord::SchemaMigration Load (0.3ms)[0m  [1m[34mSELECT "schema_migrations"."version" FROM "schema_migrations" ORDER BY "schema_migrations"."version" ASC /*application='Gitrack'*/[0m
Processing by FoodEntriesController#index as HTML
  Rendering layout layouts/application.html.erb
  Rendering food_entries/index.html.erb within layouts/application
  [1m[36mFoodEntry Exists? (0.1ms)[0m  [1m[34mSELECT 1 AS one FROM "food_entries" LIMIT 1 /*action='index',application='Gitrack',controller='food_entries'*/[0m
  ↳ app/views/food_entries/index.html.erb:9
  Rendered food_entries/index.html.erb within layouts/application (Duration: 2.5ms | GC: 0.0ms)
  Rendered layout layouts/application.html.erb (Duration: 8.8ms | GC: 0.0ms)
Completed 200 OK in 28ms (Views: 10.9ms | ActiveRecord: 1.1ms (1 query, 0 cached) | GC: 0.0ms)


Started GET "/food_entries/new" for 127.0.0.1 at 2025-11-29 20:34:22 -0500
Processing by FoodEntriesController#new as HTML
  Rendering layout layouts/application.html.erb
  Rendering food_entries/new.html.erb within layouts/application
  Rendered food_entries/new.html.erb within layouts/application (Duration: 10.0ms | GC: 0.0ms)
  Rendered layout layouts/application.html.erb (Duration: 11.6ms | GC: 0.0ms)
Completed 200 OK in 19ms (Views: 12.1ms | ActiveRecord: 0.4ms (0 queries, 0 cached) | GC: 0.0ms)


Started POST "/food_entries" for 127.0.0.1 at 2025-11-29 20:34:51 -0500
Processing by FoodEntriesController#create as HTML
  Parameters: {"authenticity_token" => "[FILTERED]", "food_entry" => {"description" => "strawberries and some other stuff", "consumed_at" => "2025-11-29T18:33", "notes" => ""}, "commit" => "Create Food Entry"}
  [1m[36mTRANSACTION (0.1ms)[0m  [1m[35mBEGIN immediate TRANSACTION /*action='create',application='Gitrack',controller='food_entries'*/[0m
  ↳ app/controllers/food_entries_controller.rb:13:in 'FoodEntriesController#create'
  [1m[36mFoodEntry Create (1.5ms)[0m  [1m[32mINSERT INTO "food_entries" ("description", "consumed_at", "notes", "created_at", "updated_at") VALUES ('strawberries and some other stuff', '2025-11-29 18:33:00', '', '2025-11-30 01:34:51.145396', '2025-11-30 01:34:51.145396') RETURNING "id" /*action='create',application='Gitrack',controller='food_entries'*/[0m
  ↳ app/controllers/food_entries_controller.rb:13:in 'FoodEntriesController#create'
  [1m[36mTRANSACTION (7.2ms)[0m  [1m[35mCOMMIT TRANSACTION /*action='create',application='Gitrack',controller='food_entries'*/[0m
  ↳ app/controllers/food_entries_controller.rb:13:in 'FoodEntriesController#create'
Redirected to http://localhost:3000/food_entries
↳ app/controllers/food_entries_controller.rb:14:in 'FoodEntriesController#create'
Completed 302 Found in 16ms (ActiveRecord: 8.8ms (1 query, 0 cached) | GC: 0.0ms)


Started GET "/food_entries" for 127.0.0.1 at 2025-11-29 20:34:51 -0500
Processing by FoodEntriesController#index as HTML
  Rendering layout layouts/application.html.erb
  Rendering food_entries/index.html.erb within layouts/application
  [1m[36mFoodEntry Exists? (0.1ms)[0m  [1m[34mSELECT 1 AS one FROM "food_entries" LIMIT 1 /*action='index',application='Gitrack',controller='food_entries'*/[0m
  ↳ app/views/food_entries/index.html.erb:9
  [1m[36mFoodEntry Load (0.1ms)[0m  [1m[34mSELECT "food_entries".* FROM "food_entries" ORDER BY "food_entries"."consumed_at" DESC /*action='index',application='Gitrack',controller='food_entries'*/[0m
  ↳ app/views/food_entries/index.html.erb:19
  Rendered food_entries/index.html.erb within layouts/application (Duration: 3.5ms | GC: 0.0ms)
  Rendered layout layouts/application.html.erb (Duration: 4.6ms | GC: 0.0ms)
Completed 200 OK in 6ms (Views: 5.1ms | ActiveRecord: 0.3ms (2 queries, 0 cached) | GC: 0.0ms)


Started GET "/food_entries/new" for 127.0.0.1 at 2025-11-29 20:34:56 -0500
Processing by FoodEntriesController#new as HTML
  Rendering layout layouts/application.html.erb
  Rendering food_entries/new.html.erb within layouts/application
  Rendered food_entries/new.html.erb within layouts/application (Duration: 1.7ms | GC: 0.0ms)
  Rendered layout layouts/application.html.erb (Duration: 2.4ms | GC: 0.0ms)
Completed 200 OK in 4ms (Views: 3.0ms | ActiveRecord: 0.0ms (0 queries, 0 cached) | GC: 0.0ms)


Started POST "/food_entries" for 127.0.0.1 at 2025-11-29 20:35:25 -0500
Processing by FoodEntriesController#create as HTML
  Parameters: {"authenticity_token" => "[FILTERED]", "food_entry" => {"description" => "frozen peanut butter sandwich", "consumed_at" => "2025-11-29T07:34", "notes" => ""}, "commit" => "Create Food Entry"}
  [1m[36mTRANSACTION (0.1ms)[0m  [1m[35mBEGIN immediate TRANSACTION /*action='create',application='Gitrack',controller='food_entries'*/[0m
  ↳ app/controllers/food_entries_controller.rb:13:in 'FoodEntriesController#create'
  [1m[36mFoodEntry Create (1.6ms)[0m  [1m[32mINSERT INTO "food_entries" ("description", "consumed_at", "notes", "created_at", "updated_at") VALUES ('frozen peanut butter sandwich', '2025-11-29 07:34:00', '', '2025-11-30 01:35:25.351599', '2025-11-30 01:35:25.351599') RETURNING "id" /*action='create',application='Gitrack',controller='food_entries'*/[0m
  ↳ app/controllers/food_entries_controller.rb:13:in 'FoodEntriesController#create'
  [1m[36mTRANSACTION (0.4ms)[0m  [1m[35mCOMMIT TRANSACTION /*action='create',application='Gitrack',controller='food_entries'*/[0m
  ↳ app/controllers/food_entries_controller.rb:13:in 'FoodEntriesController#create'
Redirected to http://localhost:3000/food_entries
↳ app/controllers/food_entries_controller.rb:14:in 'FoodEntriesController#create'
Completed 302 Found in 7ms (ActiveRecord: 2.1ms (1 query, 0 cached) | GC: 0.0ms)


Started GET "/food_entries" for 127.0.0.1 at 2025-11-29 20:35:25 -0500
Processing by FoodEntriesController#index as HTML
  Rendering layout layouts/application.html.erb
  Rendering food_entries/index.html.erb within layouts/application
  [1m[36mFoodEntry Exists? (0.1ms)[0m  [1m[34mSELECT 1 AS one FROM "food_entries" LIMIT 1 /*action='index',application='Gitrack',controller='food_entries'*/[0m
  ↳ app/views/food_entries/index.html.erb:9
  [1m[36mFoodEntry Load (0.2ms)[0m  [1m[34mSELECT "food_entries".* FROM "food_entries" ORDER BY "food_entries"."consumed_at" DESC /*action='index',application='Gitrack',controller='food_entries'*/[0m
  ↳ app/views/food_entries/index.html.erb:19
  Rendered food_entries/index.html.erb within layouts/application (Duration: 2.6ms | GC: 0.0ms)
  Rendered layout layouts/application.html.erb (Duration: 3.5ms | GC: 0.0ms)
Completed 200 OK in 5ms (Views: 3.7ms | ActiveRecord: 0.3ms (2 queries, 0 cached) | GC: 0.0ms)


  [1m[36mActiveRecord::InternalMetadata Load (0.2ms)[0m  [1m[34mSELECT * FROM "ar_internal_metadata" WHERE "ar_internal_metadata"."key" = 'environment' ORDER BY "ar_internal_metadata"."key" ASC LIMIT 1 /*application='Gitrack'*/[0m
  [1m[36mActiveRecord::SchemaMigration Load (0.1ms)[0m  [1m[34mSELECT "schema_migrations"."version" FROM "schema_migrations" ORDER BY "schema_migrations"."version" ASC /*application='Gitrack'*/[0m
Migrating to CreateGiSymptoms (20251130013622)
  [1m[36mTRANSACTION (0.1ms)[0m  [1m[35mBEGIN immediate TRANSACTION /*application='Gitrack'*/[0m
  [1m[35m (1.4ms)[0m  [1m[35mCREATE TABLE "gi_symptoms" ("id" integer PRIMARY KEY AUTOINCREMENT NOT NULL, "symptom_type" varchar, "occurred_at" datetime(6), "severity" integer, "notes" text, "created_at" datetime(6) NOT NULL, "updated_at" datetime(6) NOT NULL) /*application='Gitrack'*/[0m
  [1m[36mActiveRecord::SchemaMigration Create (0.2ms)[0m  [1m[32mINSERT INTO "schema_migrations" ("version") VALUES ('20251130013622') RETURNING "version" /*application='Gitrack'*/[0m
  [1m[36mTRANSACTION (0.1ms)[0m  [1m[35mCOMMIT TRANSACTION /*application='Gitrack'*/[0m
  [1m[36mActiveRecord::SchemaMigration Load (0.0ms)[0m  [1m[34mSELECT "schema_migrations"."version" FROM "schema_migrations" ORDER BY "schema_migrations"."version" ASC /*application='Gitrack'*/[0m
Started GET "/favicon.ico" for 127.0.0.1 at 2025-11-29 20:38:26 -0500
  [1m[36mActiveRecord::SchemaMigration Load (0.1ms)[0m  [1m[34mSELECT "schema_migrations"."version" FROM "schema_migrations" ORDER BY "schema_migrations"."version" ASC /*application='Gitrack'*/[0m
  
ActionController::RoutingError (No route matches [GET] "/favicon.ico"):
  
Started GET "/favicon.ico" for 127.0.0.1 at 2025-11-29 20:38:26 -0500
  
ActionController::RoutingError (No route matches [GET] "/favicon.ico"):
  
Started GET "/favicon.ico" for 127.0.0.1 at 2025-11-29 20:38:27 -0500
  
ActionController::RoutingError (No route matches [GET] "/favicon.ico"):
  
Started GET "/" for 127.0.0.1 at 2025-11-29 20:38:28 -0500
Processing by FoodEntriesController#index as HTML
  [1m[36mFoodEntry Load (0.2ms)[0m  [1m[34mSELECT "food_entries".* FROM "food_entries" ORDER BY "food_entries"."consumed_at" DESC /*action='index',application='Gitrack',controller='food_entries'*/[0m
  ↳ app/controllers/food_entries_controller.rb:6:in 'Enumerable#map'
  [1m[36mGiSymptom Load (0.1ms)[0m  [1m[34mSELECT "gi_symptoms".* FROM "gi_symptoms" ORDER BY "gi_symptoms"."occurred_at" DESC /*action='index',application='Gitrack',controller='food_entries'*/[0m
  ↳ app/controllers/food_entries_controller.rb:7:in 'Enumerable#map'
  Rendering layout layouts/application.html.erb
  Rendering food_entries/index.html.erb within layouts/application
  Rendered food_entries/index.html.erb within layouts/application (Duration: 1.5ms | GC: 0.6ms)
  Rendered layout layouts/application.html.erb (Duration: 5.3ms | GC: 2.9ms)
Completed 200 OK in 36ms (Views: 7.6ms | ActiveRecord: 1.9ms (2 queries, 0 cached) | GC: 16.3ms)


Started GET "/gi_symptoms/new" for 127.0.0.1 at 2025-11-29 20:38:31 -0500
Processing by GiSymptomsController#new as HTML
  Rendering layout layouts/application.html.erb
  Rendering gi_symptoms/new.html.erb within layouts/application
  Rendered gi_symptoms/new.html.erb within layouts/application (Duration: 6.1ms | GC: 2.1ms)
  Rendered layout layouts/application.html.erb (Duration: 7.7ms | GC: 2.8ms)
Completed 200 OK in 19ms (Views: 9.2ms | ActiveRecord: 0.3ms (0 queries, 0 cached) | GC: 7.7ms)


Started POST "/gi_symptoms" for 127.0.0.1 at 2025-11-29 20:38:51 -0500
Processing by GiSymptomsController#create as HTML
  Parameters: {"authenticity_token" => "[FILTERED]", "gi_symptom" => {"symptom_type" => "Constipation", "occurred_at" => "2025-11-29T19:37", "severity" => "2", "notes" => ""}, "commit" => "Create GI Symptom"}
  [1m[36mTRANSACTION (0.1ms)[0m  [1m[35mBEGIN immediate TRANSACTION /*action='create',application='Gitrack',controller='gi_symptoms'*/[0m
  ↳ app/controllers/gi_symptoms_controller.rb:13:in 'GiSymptomsController#create'
  [1m[36mGiSymptom Create (2.1ms)[0m  [1m[32mINSERT INTO "gi_symptoms" ("symptom_type", "occurred_at", "severity", "notes", "created_at", "updated_at") VALUES ('Constipation', '2025-11-29 19:37:00', 2, '', '2025-11-30 01:38:51.689402', '2025-11-30 01:38:51.689402') RETURNING "id" /*action='create',application='Gitrack',controller='gi_symptoms'*/[0m
  ↳ app/controllers/gi_symptoms_controller.rb:13:in 'GiSymptomsController#create'
  [1m[36mTRANSACTION (9.8ms)[0m  [1m[35mCOMMIT TRANSACTION /*action='create',application='Gitrack',controller='gi_symptoms'*/[0m
  ↳ app/controllers/gi_symptoms_controller.rb:13:in 'GiSymptomsController#create'
Redirected to http://localhost:3000/food_entries
↳ app/controllers/gi_symptoms_controller.rb:14:in 'GiSymptomsController#create'
Completed 302 Found in 22ms (ActiveRecord: 12.0ms (1 query, 0 cached) | GC: 4.3ms)


Started GET "/food_entries" for 127.0.0.1 at 2025-11-29 20:38:51 -0500
Processing by FoodEntriesController#index as HTML
  [1m[36mFoodEntry Load (0.1ms)[0m  [1m[34mSELECT "food_entries".* FROM "food_entries" ORDER BY "food_entries"."consumed_at" DESC /*action='index',application='Gitrack',controller='food_entries'*/[0m
  ↳ app/controllers/food_entries_controller.rb:6:in 'Enumerable#map'
  [1m[36mGiSymptom Load (0.1ms)[0m  [1m[34mSELECT "gi_symptoms".* FROM "gi_symptoms" ORDER BY "gi_symptoms"."occurred_at" DESC /*action='index',application='Gitrack',controller='food_entries'*/[0m
  ↳ app/controllers/food_entries_controller.rb:7:in 'Enumerable#map'
  Rendering layout layouts/application.html.erb
  Rendering food_entries/index.html.erb within layouts/application
  Rendered food_entries/index.html.erb within layouts/application (Duration: 0.3ms | GC: 0.0ms)
  Rendered layout layouts/application.html.erb (Duration: 2.3ms | GC: 0.9ms)
Completed 200 OK in 6ms (Views: 2.9ms | ActiveRecord: 0.3ms (2 queries, 0 cached) | GC: 0.9ms)


Started GET "/food_entries" for 127.0.0.1 at 2025-11-29 20:40:09 -0500
Processing by FoodEntriesController#index as HTML
  [1m[36mFoodEntry Load (0.1ms)[0m  [1m[34mSELECT "food_entries".* FROM "food_entries" ORDER BY "food_entries"."consumed_at" DESC /*action='index',application='Gitrack',controller='food_entries'*/[0m
  ↳ app/controllers/food_entries_controller.rb:6:in 'Enumerable#map'
  [1m[36mGiSymptom Load (0.1ms)[0m  [1m[34mSELECT "gi_symptoms".* FROM "gi_symptoms" ORDER BY "gi_symptoms"."occurred_at" DESC /*action='index',application='Gitrack',controller='food_entries'*/[0m
  ↳ app/controllers/food_entries_controller.rb:7:in 'Enumerable#map'
  Rendering layout layouts/application.html.erb
  Rendering food_entries/index.html.erb within layouts/application
  Rendered food_entries/index.html.erb within layouts/application (Duration: 0.8ms | GC: 0.0ms)
  Rendered layout layouts/application.html.erb (Duration: 1.8ms | GC: 0.0ms)
Completed 200 OK in 16ms (Views: 2.9ms | ActiveRecord: 1.6ms (2 queries, 0 cached) | GC: 2.0ms)


Started GET "/gi_symptoms/new" for 127.0.0.1 at 2025-11-29 20:40:10 -0500
Processing by GiSymptomsController#new as HTML
  Rendering layout layouts/application.html.erb
  Rendering gi_symptoms/new.html.erb within layouts/application
  Rendered gi_symptoms/new.html.erb within layouts/application (Duration: 3.7ms | GC: 0.0ms)
  Rendered layout layouts/application.html.erb (Duration: 4.4ms | GC: 0.0ms)
Completed 200 OK in 6ms (Views: 5.2ms | ActiveRecord: 0.0ms (0 queries, 0 cached) | GC: 0.0ms)


Started GET "/gi_symptoms/new" for 127.0.0.1 at 2025-11-29 20:40:16 -0500
Processing by GiSymptomsController#new as HTML
  Rendering layout layouts/application.html.erb
  Rendering gi_symptoms/new.html.erb within layouts/application
  Rendered gi_symptoms/new.html.erb within layouts/application (Duration: 2.2ms | GC: 0.0ms)
  Rendered layout layouts/application.html.erb (Duration: 2.8ms | GC: 0.0ms)
Completed 200 OK in 5ms (Views: 3.3ms | ActiveRecord: 0.0ms (0 queries, 0 cached) | GC: 0.4ms)


Started GET "/" for 127.0.0.1 at 2025-11-29 20:49:28 -0500
Processing by FoodEntriesController#index as HTML
  [1m[36mFoodEntry Load (0.6ms)[0m  [1m[34mSELECT "food_entries".* FROM "food_entries" ORDER BY "food_entries"."consumed_at" DESC /*action='index',application='Gitrack',controller='food_entries'*/[0m
  ↳ app/controllers/food_entries_controller.rb:6:in 'Enumerable#map'
  [1m[36mGiSymptom Load (0.1ms)[0m  [1m[34mSELECT "gi_symptoms".* FROM "gi_symptoms" ORDER BY "gi_symptoms"."occurred_at" DESC /*action='index',application='Gitrack',controller='food_entries'*/[0m
  ↳ app/controllers/food_entries_controller.rb:7:in 'Enumerable#map'
  Rendering layout layouts/application.html.erb
  Rendering food_entries/index.html.erb within layouts/application
  Rendered food_entries/index.html.erb within layouts/application (Duration: 0.9ms | GC: 0.0ms)
  Rendered layout layouts/application.html.erb (Duration: 2.1ms | GC: 0.0ms)
Completed 200 OK in 12ms (Views: 3.4ms | ActiveRecord: 0.6ms (2 queries, 0 cached) | GC: 0.0ms)


Started GET "/" for 127.0.0.1 at 2025-11-29 20:52:19 -0500
Processing by FoodEntriesController#index as HTML
  [1m[36mFoodEntry Load (0.1ms)[0m  [1m[34mSELECT "food_entries".* FROM "food_entries" ORDER BY "food_entries"."consumed_at" DESC /*action='index',application='Gitrack',controller='food_entries'*/[0m
  ↳ app/controllers/food_entries_controller.rb:6:in 'Enumerable#map'
  [1m[36mGiSymptom Load (0.1ms)[0m  [1m[34mSELECT "gi_symptoms".* FROM "gi_symptoms" ORDER BY "gi_symptoms"."occurred_at" DESC /*action='index',application='Gitrack',controller='food_entries'*/[0m
  ↳ app/controllers/food_entries_controller.rb:7:in 'Enumerable#map'
  Rendering layout layouts/application.html.erb
  Rendering food_entries/index.html.erb within layouts/application
  Rendered food_entries/index.html.erb within layouts/application (Duration: 1.0ms | GC: 0.2ms)
  Rendered layout layouts/application.html.erb (Duration: 2.3ms | GC: 0.2ms)
Completed 200 OK in 15ms (Views: 3.4ms | ActiveRecord: 1.4ms (2 queries, 0 cached) | GC: 0.5ms)


Started GET "/" for 127.0.0.1 at 2025-11-29 20:53:08 -0500
Processing by FoodEntriesController#index as HTML
  [1m[36mFoodEntry Load (0.1ms)[0m  [1m[34mSELECT "food_entries".* FROM "food_entries" ORDER BY "food_entries"."consumed_at" DESC /*action='index',application='Gitrack',controller='food_entries'*/[0m
  ↳ app/controllers/food_entries_controller.rb:6:in 'Enumerable#map'
  [1m[36mGiSymptom Load (0.1ms)[0m  [1m[34mSELECT "gi_symptoms".* FROM "gi_symptoms" ORDER BY "gi_symptoms"."occurred_at" DESC /*action='index',application='Gitrack',controller='food_entries'*/[0m
  ↳ app/controllers/food_entries_controller.rb:7:in 'Enumerable#map'
  Rendering layout layouts/application.html.erb
  Rendering food_entries/index.html.erb within layouts/application
  Rendered food_entries/index.html.erb within layouts/application (Duration: 0.7ms | GC: 0.0ms)
  Rendered layout layouts/application.html.erb (Duration: 1.8ms | GC: 0.0ms)
Completed 200 OK in 14ms (Views: 2.7ms | ActiveRecord: 1.5ms (2 queries, 0 cached) | GC: 0.0ms)


Started GET "/" for 127.0.0.1 at 2025-11-29 20:53:12 -0500
Processing by FoodEntriesController#index as HTML
  [1m[36mFoodEntry Load (0.2ms)[0m  [1m[34mSELECT "food_entries".* FROM "food_entries" ORDER BY "food_entries"."consumed_at" DESC /*action='index',application='Gitrack',controller='food_entries'*/[0m
  ↳ app/controllers/food_entries_controller.rb:6:in 'Enumerable#map'
  [1m[36mGiSymptom Load (0.2ms)[0m  [1m[34mSELECT "gi_symptoms".* FROM "gi_symptoms" ORDER BY "gi_symptoms"."occurred_at" DESC /*action='index',application='Gitrack',controller='food_entries'*/[0m
  ↳ app/controllers/food_entries_controller.rb:7:in 'Enumerable#map'
  Rendering layout layouts/application.html.erb
  Rendering food_entries/index.html.erb within layouts/application
  Rendered food_entries/index.html.erb within layouts/application (Duration: 0.7ms | GC: 0.0ms)
  Rendered layout layouts/application.html.erb (Duration: 2.5ms | GC: 0.0ms)
Completed 200 OK in 9ms (Views: 3.4ms | ActiveRecord: 0.4ms (2 queries, 0 cached) | GC: 0.0ms)


Started GET "/" for 127.0.0.1 at 2025-11-29 20:53:52 -0500
Processing by FoodEntriesController#index as HTML
  [1m[36mFoodEntry Load (0.1ms)[0m  [1m[34mSELECT "food_entries".* FROM "food_entries" ORDER BY "food_entries"."consumed_at" DESC /*action='index',application='Gitrack',controller='food_entries'*/[0m
  ↳ app/controllers/food_entries_controller.rb:6:in 'Enumerable#map'
  [1m[36mGiSymptom Load (0.1ms)[0m  [1m[34mSELECT "gi_symptoms".* FROM "gi_symptoms" ORDER BY "gi_symptoms"."occurred_at" DESC /*action='index',application='Gitrack',controller='food_entries'*/[0m
  ↳ app/controllers/food_entries_controller.rb:7:in 'Enumerable#map'
  Rendering layout layouts/application.html.erb
  Rendering food_entries/index.html.erb within layouts/application
  Rendered food_entries/index.html.erb within layouts/application (Duration: 1.6ms | GC: 0.7ms)
  Rendered layout layouts/application.html.erb (Duration: 3.0ms | GC: 0.7ms)
Completed 200 OK in 18ms (Views: 4.1ms | ActiveRecord: 1.4ms (2 queries, 0 cached) | GC: 1.8ms)


Started GET "/food_entries/new" for 127.0.0.1 at 2025-11-29 20:53:58 -0500
Processing by FoodEntriesController#new as HTML
  Rendering layout layouts/application.html.erb
  Rendering food_entries/new.html.erb within layouts/application
  Rendered food_entries/new.html.erb within layouts/application (Duration: 3.2ms | GC: 0.0ms)
  Rendered layout layouts/application.html.erb (Duration: 7.1ms | GC: 0.0ms)
Completed 200 OK in 11ms (Views: 10.3ms | ActiveRecord: 0.0ms (0 queries, 0 cached) | GC: 0.0ms)


Started GET "/" for 127.0.0.1 at 2025-11-29 20:53:59 -0500
Processing by FoodEntriesController#index as HTML
  [1m[36mFoodEntry Load (0.1ms)[0m  [1m[34mSELECT "food_entries".* FROM "food_entries" ORDER BY "food_entries"."consumed_at" DESC /*action='index',application='Gitrack',controller='food_entries'*/[0m
  ↳ app/controllers/food_entries_controller.rb:6:in 'Enumerable#map'
  [1m[36mGiSymptom Load (0.1ms)[0m  [1m[34mSELECT "gi_symptoms".* FROM "gi_symptoms" ORDER BY "gi_symptoms"."occurred_at" DESC /*action='index',application='Gitrack',controller='food_entries'*/[0m
  ↳ app/controllers/food_entries_controller.rb:7:in 'Enumerable#map'
  Rendering layout layouts/application.html.erb
  Rendering food_entries/index.html.erb within layouts/application
  Rendered food_entries/index.html.erb within layouts/application (Duration: 0.7ms | GC: 0.0ms)
  Rendered layout layouts/application.html.erb (Duration: 1.9ms | GC: 0.0ms)
Completed 200 OK in 6ms (Views: 2.4ms | ActiveRecord: 0.3ms (2 queries, 0 cached) | GC: 0.0ms)


Started GET "/" for ::1 at 2025-11-30 22:04:28 -0500
Processing by FoodEntriesController#index as HTML
  [1m[36mFoodEntry Load (0.8ms)[0m  [1m[34mSELECT "food_entries".* FROM "food_entries" ORDER BY "food_entries"."consumed_at" DESC /*action='index',application='Gitrack',controller='food_entries'*/[0m
  ↳ app/controllers/food_entries_controller.rb:6:in 'Enumerable#map'
  [1m[36mGiSymptom Load (0.5ms)[0m  [1m[34mSELECT "gi_symptoms".* FROM "gi_symptoms" ORDER BY "gi_symptoms"."occurred_at" DESC /*action='index',application='Gitrack',controller='food_entries'*/[0m
  ↳ app/controllers/food_entries_controller.rb:7:in 'Enumerable#map'
  Rendering layout layouts/application.html.erb
  Rendering food_entries/index.html.erb within layouts/application
  Rendered food_entries/index.html.erb within layouts/application (Duration: 1.0ms | GC: 0.0ms)
  Rendered layout layouts/application.html.erb (Duration: 2.7ms | GC: 0.0ms)
Completed 200 OK in 19ms (Views: 4.6ms | ActiveRecord: 1.3ms (2 queries, 0 cached) | GC: 0.0ms)


Started GET "/" for ::1 at 2025-11-30 22:06:31 -0500
Processing by FoodEntriesController#index as HTML
  [1m[36mFoodEntry Load (0.2ms)[0m  [1m[34mSELECT "food_entries".* FROM "food_entries" ORDER BY "food_entries"."consumed_at" DESC /*action='index',application='Gitrack',controller='food_entries'*/[0m
  ↳ app/controllers/food_entries_controller.rb:6:in 'Enumerable#map'
  [1m[36mGiSymptom Load (0.2ms)[0m  [1m[34mSELECT "gi_symptoms".* FROM "gi_symptoms" ORDER BY "gi_symptoms"."occurred_at" DESC /*action='index',application='Gitrack',controller='food_entries'*/[0m
  ↳ app/controllers/food_entries_controller.rb:7:in 'Enumerable#map'
  Rendering layout layouts/application.html.erb
  Rendering food_entries/index.html.erb within layouts/application
  Rendered food_entries/index.html.erb within layouts/application (Duration: 1.1ms | GC: 0.0ms)
  Rendered layout layouts/application.html.erb (Duration: 3.1ms | GC: 0.0ms)
Completed 200 OK in 31ms (Views: 5.8ms | ActiveRecord: 2.3ms (2 queries, 0 cached) | GC: 0.4ms)


  [1m[36mActiveRecord::InternalMetadata Load (0.3ms)[0m  [1m[34mSELECT * FROM "ar_internal_metadata" WHERE "ar_internal_metadata"."key" = 'environment' ORDER BY "ar_internal_metadata"."key" ASC LIMIT 1 /*application='Gitrack'*/[0m
  [1m[36mActiveRecord::SchemaMigration Load (0.1ms)[0m  [1m[34mSELECT "schema_migrations"."version" FROM "schema_migrations" ORDER BY "schema_migrations"."version" ASC /*application='Gitrack'*/[0m
Migrating to CreateBowelMovements (20251201030841)
  [1m[36mTRANSACTION (0.1ms)[0m  [1m[35mBEGIN immediate TRANSACTION /*application='Gitrack'*/[0m
  [1m[35m (1.3ms)[0m  [1m[35mCREATE TABLE "bowel_movements" ("id" integer PRIMARY KEY AUTOINCREMENT NOT NULL, "occurred_at" datetime(6), "severity" integer, "notes" text, "created_at" datetime(6) NOT NULL, "updated_at" datetime(6) NOT NULL) /*application='Gitrack'*/[0m
  [1m[36mActiveRecord::SchemaMigration Create (0.2ms)[0m  [1m[32mINSERT INTO "schema_migrations" ("version") VALUES ('20251201030841') RETURNING "version" /*application='Gitrack'*/[0m
  [1m[36mTRANSACTION (8.7ms)[0m  [1m[35mCOMMIT TRANSACTION /*application='Gitrack'*/[0m
  [1m[36mActiveRecord::SchemaMigration Load (0.1ms)[0m  [1m[34mSELECT "schema_migrations"."version" FROM "schema_migrations" ORDER BY "schema_migrations"."version" ASC /*application='Gitrack'*/[0m
Started GET "/" for ::1 at 2025-11-30 22:11:09 -0500
  [1m[36mActiveRecord::SchemaMigration Load (0.1ms)[0m  [1m[34mSELECT "schema_migrations"."version" FROM "schema_migrations" ORDER BY "schema_migrations"."version" ASC /*application='Gitrack'*/[0m
Processing by FoodEntriesController#index as HTML
  [1m[36mFoodEntry Load (0.3ms)[0m  [1m[34mSELECT "food_entries".* FROM "food_entries" ORDER BY "food_entries"."consumed_at" DESC /*action='index',application='Gitrack',controller='food_entries'*/[0m
  ↳ app/controllers/food_entries_controller.rb:7:in 'Enumerable#map'
  [1m[36mGiSymptom Load (0.2ms)[0m  [1m[34mSELECT "gi_symptoms".* FROM "gi_symptoms" ORDER BY "gi_symptoms"."occurred_at" DESC /*action='index',application='Gitrack',controller='food_entries'*/[0m
  ↳ app/controllers/food_entries_controller.rb:8:in 'Enumerable#map'
  [1m[36mBowelMovement Load (0.1ms)[0m  [1m[34mSELECT "bowel_movements".* FROM "bowel_movements" ORDER BY "bowel_movements"."occurred_at" DESC /*action='index',application='Gitrack',controller='food_entries'*/[0m
  ↳ app/controllers/food_entries_controller.rb:9:in 'Enumerable#map'
  Rendering layout layouts/application.html.erb
  Rendering food_entries/index.html.erb within layouts/application
  Rendered food_entries/index.html.erb within layouts/application (Duration: 1.4ms | GC: 0.0ms)
  Rendered layout layouts/application.html.erb (Duration: 3.3ms | GC: 0.0ms)
Completed 200 OK in 33ms (Views: 6.2ms | ActiveRecord: 2.6ms (3 queries, 0 cached) | GC: 4.5ms)


Started GET "/" for ::1 at 2025-11-30 22:12:21 -0500
Processing by FoodEntriesController#index as HTML
  [1m[36mFoodEntry Load (0.1ms)[0m  [1m[34mSELECT "food_entries".* FROM "food_entries" ORDER BY "food_entries"."consumed_at" DESC /*action='index',application='Gitrack',controller='food_entries'*/[0m
  ↳ app/controllers/food_entries_controller.rb:7:in 'Enumerable#map'
  [1m[36mGiSymptom Load (0.1ms)[0m  [1m[34mSELECT "gi_symptoms".* FROM "gi_symptoms" ORDER BY "gi_symptoms"."occurred_at" DESC /*action='index',application='Gitrack',controller='food_entries'*/[0m
  ↳ app/controllers/food_entries_controller.rb:8:in 'Enumerable#map'
  [1m[36mBowelMovement Load (0.2ms)[0m  [1m[34mSELECT "bowel_movements".* FROM "bowel_movements" ORDER BY "bowel_movements"."occurred_at" DESC /*action='index',application='Gitrack',controller='food_entries'*/[0m
  ↳ app/controllers/food_entries_controller.rb:9:in 'Enumerable#map'
  Rendering layout layouts/application.html.erb
  Rendering food_entries/index.html.erb within layouts/application
  Rendered food_entries/index.html.erb within layouts/application (Duration: 3.3ms | GC: 1.8ms)
  Rendered layout layouts/application.html.erb (Duration: 9.0ms | GC: 4.9ms)
Completed 200 OK in 38ms (Views: 15.5ms | ActiveRecord: 2.0ms (3 queries, 0 cached) | GC: 12.7ms)


Started GET "/" for ::1 at 2025-11-30 22:12:56 -0500
Processing by FoodEntriesController#index as HTML
  [1m[36mFoodEntry Load (0.2ms)[0m  [1m[34mSELECT "food_entries".* FROM "food_entries" ORDER BY "food_entries"."consumed_at" DESC /*action='index',application='Gitrack',controller='food_entries'*/[0m
  ↳ app/controllers/food_entries_controller.rb:7:in 'Enumerable#map'
  [1m[36mGiSymptom Load (0.2ms)[0m  [1m[34mSELECT "gi_symptoms".* FROM "gi_symptoms" ORDER BY "gi_symptoms"."occurred_at" DESC /*action='index',application='Gitrack',controller='food_entries'*/[0m
  ↳ app/controllers/food_entries_controller.rb:8:in 'Enumerable#map'
  [1m[36mBowelMovement Load (0.2ms)[0m  [1m[34mSELECT "bowel_movements".* FROM "bowel_movements" ORDER BY "bowel_movements"."occurred_at" DESC /*action='index',application='Gitrack',controller='food_entries'*/[0m
  ↳ app/controllers/food_entries_controller.rb:9:in 'Enumerable#map'
  Rendering layout layouts/application.html.erb
  Rendering food_entries/index.html.erb within layouts/application
  Rendered food_entries/index.html.erb within layouts/application (Duration: 1.2ms | GC: 0.0ms)
  Rendered layout layouts/application.html.erb (Duration: 3.0ms | GC: 0.0ms)
Completed 200 OK in 30ms (Views: 5.3ms | ActiveRecord: 3.8ms (3 queries, 0 cached) | GC: 1.6ms)


Started GET "/" for ::1 at 2025-11-30 22:13:32 -0500
Processing by FoodEntriesController#index as HTML
  [1m[36mFoodEntry Load (0.1ms)[0m  [1m[34mSELECT "food_entries".* FROM "food_entries" ORDER BY "food_entries"."consumed_at" DESC /*action='index',application='Gitrack',controller='food_entries'*/[0m
  ↳ app/controllers/food_entries_controller.rb:7:in 'Enumerable#map'
  [1m[36mGiSymptom Load (0.1ms)[0m  [1m[34mSELECT "gi_symptoms".* FROM "gi_symptoms" ORDER BY "gi_symptoms"."occurred_at" DESC /*action='index',application='Gitrack',controller='food_entries'*/[0m
  ↳ app/controllers/food_entries_controller.rb:8:in 'Enumerable#map'
  [1m[36mBowelMovement Load (0.2ms)[0m  [1m[34mSELECT "bowel_movements".* FROM "bowel_movements" ORDER BY "bowel_movements"."occurred_at" DESC /*action='index',application='Gitrack',controller='food_entries'*/[0m
  ↳ app/controllers/food_entries_controller.rb:9:in 'Enumerable#map'
  Rendering layout layouts/application.html.erb
  Rendering food_entries/index.html.erb within layouts/application
  Rendered food_entries/index.html.erb within layouts/application (Duration: 1.9ms | GC: 0.0ms)
  Rendered layout layouts/application.html.erb (Duration: 12.6ms | GC: 4.8ms)
Completed 200 OK in 36ms (Views: 14.6ms | ActiveRecord: 2.7ms (3 queries, 0 cached) | GC: 4.8ms)


Started GET "/" for ::1 at 2025-11-30 22:14:24 -0500
Processing by FoodEntriesController#index as HTML
  [1m[36mFoodEntry Load (0.1ms)[0m  [1m[34mSELECT "food_entries".* FROM "food_entries" ORDER BY "food_entries"."consumed_at" DESC /*action='index',application='Gitrack',controller='food_entries'*/[0m
  ↳ app/controllers/food_entries_controller.rb:7:in 'Enumerable#map'
  [1m[36mGiSymptom Load (0.1ms)[0m  [1m[34mSELECT "gi_symptoms".* FROM "gi_symptoms" ORDER BY "gi_symptoms"."occurred_at" DESC /*action='index',application='Gitrack',controller='food_entries'*/[0m
  ↳ app/controllers/food_entries_controller.rb:8:in 'Enumerable#map'
  [1m[36mBowelMovement Load (0.1ms)[0m  [1m[34mSELECT "bowel_movements".* FROM "bowel_movements" ORDER BY "bowel_movements"."occurred_at" DESC /*action='index',application='Gitrack',controller='food_entries'*/[0m
  ↳ app/controllers/food_entries_controller.rb:9:in 'Enumerable#map'
  Rendering layout layouts/application.html.erb
  Rendering food_entries/index.html.erb within layouts/application
  Rendered food_entries/index.html.erb within layouts/application (Duration: 2.0ms | GC: 0.0ms)
  Rendered layout layouts/application.html.erb (Duration: 4.6ms | GC: 0.2ms)
Completed 200 OK in 27ms (Views: 7.3ms | ActiveRecord: 2.2ms (3 queries, 0 cached) | GC: 0.8ms)


